<?xml version="1.0" encoding="UTF-8"?>
<!-- Generated by org.testng.reporters.JUnitReportReporter -->
<testsuite hostname="DESKTOP-96NUCQ1" failures="0" tests="1" name="tests.LoginTests" time="0.027" errors="0" timestamp="2023-07-07T09:57:01 IST" skipped="0">
  <testcase classname="tests.LoginTests" name="loginTest" time="0.027"/>
  <system-out/>
</testsuite> <!-- tests.LoginTests -->
